<?xml version="1.0" encoding="UTF-8"?>
<!-- Generated by org.testng.reporters.JUnitXMLReporter -->
<testsuite hostname="DESKTOP-NF98DOF" ignored="0" tests="19" failures="0" timestamp="02 VI 2021 11:01:24 GMT" time="169.319" errors="0">
  <testcase name="actionQuiz" time="3.469" classname="actionsQuizTest"/>
  <testcase name="getCssValue" time="3.678" classname="actionsQuizTest"/>
  <testcase name="hover" time="2.324" classname="actionsQuizTest"/>
  <testcase name="keyPresses" time="4.857" classname="actionsQuizTest"/>
  <testcase name="rightClick" time="3.02" classname="actionsQuizTest"/>
  <testcase name="locatorExam" time="9.54" classname="examTest"/>
  <testcase name="frames" time="1.591" classname="framesTest"/>
  <testcase name="firstTest" time="6.414" classname="helloSeleniumTest"/>
  <testcase name="locatingElements" time="3.992" classname="locatingElementsTest"/>
  <testcase name="Orders" time="5.076" classname="pragmaticHomeworkTest"/>
  <testcase name="homeWork" time="3.871" classname="pragmaticHomeworkTest"/>
  <testcase name="yourDreamCar" time="1.668" classname="pragmaticHomeworkTest"/>
  <testcase name="findingElement" time="7.48" classname="seleniumFirstTest"/>
  <testcase name="abvTest" time="8.604" classname="seleniumTest"/>
  <testcase name="cypressTest" time="7.859" classname="seleniumTest"/>
  <testcase name="w3SchoolTest" time="7.976" classname="seleniumTest"/>
  <testcase name="findingElements" time="10.218" classname="ultimateQaTest"/>
  <testcase name="alerts" time="4.499" classname="webDriverMethodsTest"/>
  <testcase name="windowFrames" time="4.11" classname="webDriverMethodsTest"/>
</testsuite>
